<?xml version="1.0" encoding="UTF-8"?>
<!-- Generated by org.testng.reporters.JUnitXMLReporter -->
<testsuite hostname="W10VM-66" ignored="0" name="Preisvergleich" tests="5" failures="1" timestamp="2021-04-13T09:05:12 CEST" time="53.451" errors="0">
  <testcase name="PreisinWarenkorb" time="10.235" classname="de.simple.testcase.Preisvergleich"/>
  <testcase name="PreisinWarenkorb" time="9.636" classname="de.simple.testcase.Preisvergleich"/>
  <testcase name="PreisinWarenkorb" time="9.748" classname="de.simple.testcase.Preisvergleich"/>
  <testcase name="PreisinWarenkorb" time="12.029" classname="de.simple.testcase.Preisvergleich"/>
  <testcase name="failtest" time="0.001" classname="de.simple.testcase.Preisvergleich">
    <failure type="java.lang.AssertionError" message="expected [true] but found [false]">
      <![CDATA[java.lang.AssertionError: expected [true] but found [false]
at de.simple.testcase.Preisvergleich.failtest(Preisvergleich.java:117)
at java.util.ArrayList.forEach(ArrayList.java:1257)
... Removed 35 stack frames]]>
    </failure>
  </testcase> <!-- failtest -->
</testsuite> <!-- Preisvergleich -->
